<?xml version="1.0" encoding="UTF-8"?>
<testsuite name="com.example.task02.Tests" tests="6" skipped="0" failures="0" errors="0" timestamp="2021-11-29T12:28:35" hostname="DESKTOP-K84E25C" time="0.148">
  <properties/>
  <testcase name="testExample1" classname="com.example.task02.Tests" time="0.067"/>
  <testcase name="testExample2" classname="com.example.task02.Tests" time="0.0"/>
  <testcase name="test10" classname="com.example.task02.Tests" time="0.0"/>
  <testcase name="test12" classname="com.example.task02.Tests" time="0.07"/>
  <testcase name="test16" classname="com.example.task02.Tests" time="0.005"/>
  <testcase name="testBounds" classname="com.example.task02.Tests" time="0.003"/>
  <system-out><![CDATA[]]></system-out>
  <system-err><![CDATA[]]></system-err>
</testsuite>
