<?xml version="1.0" encoding="UTF-8"?>
<testsuite name="com.example.task04.Tests" tests="4" skipped="0" failures="0" errors="0" timestamp="2021-11-29T12:31:02" hostname="DESKTOP-K84E25C" time="0.064">
  <properties/>
  <testcase name="testExample1" classname="com.example.task04.Tests" time="0.059"/>
  <testcase name="testExample2" classname="com.example.task04.Tests" time="0.001"/>
  <testcase name="testEmpty" classname="com.example.task04.Tests" time="0.001"/>
  <testcase name="testMarshak" classname="com.example.task04.Tests" time="0.003"/>
  <system-out><![CDATA[]]></system-out>
  <system-err><![CDATA[]]></system-err>
</testsuite>
