<?xml version="1.0" encoding="UTF-8"?>
<testsuite name="com.example.task03.Tests" tests="6" skipped="0" failures="0" errors="0" timestamp="2021-11-29T12:29:40" hostname="DESKTOP-K84E25C" time="4.312">
  <properties/>
  <testcase name="testExample" classname="com.example.task03.Tests" time="0.559"/>
  <testcase name="testBig" classname="com.example.task03.Tests" time="3.733"/>
  <testcase name="testNPE" classname="com.example.task03.Tests" time="0.017"/>
  <testcase name="testEmpty" classname="com.example.task03.Tests" time="0.0"/>
  <testcase name="testNull" classname="com.example.task03.Tests" time="0.001"/>
  <testcase name="testString" classname="com.example.task03.Tests" time="0.0"/>
  <system-out><![CDATA[]]></system-out>
  <system-err><![CDATA[]]></system-err>
</testsuite>
